<?xml version="1.0" encoding="UTF-8"?>
<testsuite xmlns:xsi="http://www.w3.org/2001/XMLSchema-instance" xsi:noNamespaceSchemaLocation="https://maven.apache.org/surefire/maven-surefire-plugin/xsd/surefire-test-report.xsd" name="com.gupaoedu.practice.dubbo.AppTest" time="0.052" tests="1" errors="0" skipped="0" failures="0">
  <properties>
    <property name="sun.desktop" value="windows"/>
    <property name="awt.toolkit" value="sun.awt.windows.WToolkit"/>
    <property name="file.encoding.pkg" value="sun.io"/>
    <property name="java.specification.version" value="1.8"/>
    <property name="sun.cpu.isalist" value="pentium_pro+mmx pentium_pro pentium+mmx pentium i486 i386 i86"/>
    <property name="sun.jnu.encoding" value="GBK"/>
    <property name="java.class.path" value="D:\openCode\my_home_work\distribute_topic\dubbo\simple-dubbo\dubbo-api\target\test-classes;D:\openCode\my_home_work\distribute_topic\dubbo\simple-dubbo\dubbo-api\target\classes;D:\maven\repository\junit\junit\4.11\junit-4.11.jar;D:\maven\repository\org\hamcrest\hamcrest-core\1.3\hamcrest-core-1.3.jar;"/>
    <property name="java.vm.vendor" value="Oracle Corporation"/>
    <property name="sun.arch.data.model" value="32"/>
    <property name="user.variant" value=""/>
    <property name="java.vendor.url" value="http://java.oracle.com/"/>
    <property name="user.timezone" value=""/>
    <property name="java.vm.specification.version" value="1.8"/>
    <property name="os.name" value="Windows 10"/>
    <property name="user.country" value="CN"/>
    <property name="sun.java.launcher" value="SUN_STANDARD"/>
    <property name="sun.boot.library.path" value="D:\Program Files4java\jdk1.8.0_74\jre\bin"/>
    <property name="sun.java.command" value="C:\Users\liuyanan\AppData\Local\Temp\surefire3276093286566069452\surefirebooter3458447806568085021.jar C:\Users\liuyanan\AppData\Local\Temp\surefire3276093286566069452 2018-08-11T17-33-52_407-jvmRun1 surefire8050672773830681514tmp surefire_04873497319951163105tmp"/>
    <property name="surefire.test.class.path" value="D:\openCode\my_home_work\distribute_topic\dubbo\simple-dubbo\dubbo-api\target\test-classes;D:\openCode\my_home_work\distribute_topic\dubbo\simple-dubbo\dubbo-api\target\classes;D:\maven\repository\junit\junit\4.11\junit-4.11.jar;D:\maven\repository\org\hamcrest\hamcrest-core\1.3\hamcrest-core-1.3.jar;"/>
    <property name="sun.cpu.endian" value="little"/>
    <property name="user.home" value="C:\Users\liuyanan"/>
    <property name="user.language" value="zh"/>
    <property name="java.specification.vendor" value="Oracle Corporation"/>
    <property name="java.home" value="D:\Program Files4java\jdk1.8.0_74\jre"/>
    <property name="basedir" value="D:\openCode\my_home_work\distribute_topic\dubbo\simple-dubbo\dubbo-api"/>
    <property name="file.separator" value="\"/>
    <property name="line.separator" value="&#10;"/>
    <property name="java.vm.specification.vendor" value="Oracle Corporation"/>
    <property name="java.specification.name" value="Java Platform API Specification"/>
    <property name="java.awt.graphicsenv" value="sun.awt.Win32GraphicsEnvironment"/>
    <property name="surefire.real.class.path" value="C:\Users\liuyanan\AppData\Local\Temp\surefire3276093286566069452\surefirebooter3458447806568085021.jar"/>
    <property name="sun.boot.class.path" value="D:\Program Files4java\jdk1.8.0_74\jre\lib\resources.jar;D:\Program Files4java\jdk1.8.0_74\jre\lib\rt.jar;D:\Program Files4java\jdk1.8.0_74\jre\lib\sunrsasign.jar;D:\Program Files4java\jdk1.8.0_74\jre\lib\jsse.jar;D:\Program Files4java\jdk1.8.0_74\jre\lib\jce.jar;D:\Program Files4java\jdk1.8.0_74\jre\lib\charsets.jar;D:\Program Files4java\jdk1.8.0_74\jre\lib\jfr.jar;D:\Program Files4java\jdk1.8.0_74\jre\classes"/>
    <property name="user.script" value=""/>
    <property name="sun.management.compiler" value="HotSpot Client Compiler"/>
    <property name="java.runtime.version" value="1.8.0_74-b02"/>
    <property name="user.name" value="liuyanan"/>
    <property name="path.separator" value=";"/>
    <property name="os.version" value="10.0"/>
    <property name="java.endorsed.dirs" value="D:\Program Files4java\jdk1.8.0_74\jre\lib\endorsed"/>
    <property name="java.runtime.name" value="Java(TM) SE Runtime Environment"/>
    <property name="file.encoding" value="GBK"/>
    <property name="java.vm.name" value="Java HotSpot(TM) Client VM"/>
    <property name="localRepository" value="D:\maven\repository"/>
    <property name="java.vendor.url.bug" value="http://bugreport.sun.com/bugreport/"/>
    <property name="java.io.tmpdir" value="C:\Users\liuyanan\AppData\Local\Temp\"/>
    <property name="idea.version" value="14.1.4"/>
    <property name="java.version" value="1.8.0_74"/>
    <property name="user.dir" value="D:\openCode\my_home_work\distribute_topic\dubbo\simple-dubbo\dubbo-api"/>
    <property name="os.arch" value="x86"/>
    <property name="java.vm.specification.name" value="Java Virtual Machine Specification"/>
    <property name="java.awt.printerjob" value="sun.awt.windows.WPrinterJob"/>
    <property name="sun.os.patch.level" value=""/>
    <property name="java.library.path" value="D:\Program Files4java\jdk1.8.0_74\jre\bin;C:\Windows\Sun\Java\bin;C:\Windows\system32;C:\Windows;D:\Oracle_client\product\11.2.0\client_1;C:\Program Files (x86)\Intel\iCLS Client\;C:\Program Files\Intel\iCLS Client\;C:\Windows\system32;C:\Windows;C:\Windows\System32\Wbem;C:\Windows\System32\WindowsPowerShell\v1.0\;C:\Program Files (x86)\Intel\Intel(R) Management Engine Components\DAL;C:\Program Files\Intel\Intel(R) Management Engine Components\DAL;C:\Program Files (x86)\Intel\Intel(R) Management Engine Components\IPT;C:\Program Files\Intel\Intel(R) Management Engine Components\IPT;D:\Program Files4java\jdk1.8.0_74\bin;D:\Program Files4java\TortoiseSVN\bin;D:\Program Files4java\apache-tomcat-8.5.4-for-dubbo\lib;D:\Program Files4java\apache-tomcat-8.5.4-for-dubbo\bin;D:\Program Files4java\jdk1.8.0_74\jre\bin;C:\Program Files\Intel\WiFi\bin\;C:\Program Files\Common Files\Intel\WirelessCommon\;D:\Program Files4java\Git\cmd;D:\Program Files4java\gradle-2.14.1\bin;D:\Program Files4java\mysql-5.7.16-winx64\bin;D:\Program Files\SSH Secure Shell;C:\Program Files\Intel\WiFi\bin\;C:\Program Files\Common Files\Intel\WirelessCommon\;D:\Program Files4java\apache-maven-3.3.9\bin;."/>
    <property name="java.vm.info" value="mixed mode"/>
    <property name="java.vendor" value="Oracle Corporation"/>
    <property name="java.vm.version" value="25.74-b02"/>
    <property name="java.ext.dirs" value="D:\Program Files4java\jdk1.8.0_74\jre\lib\ext;C:\Windows\Sun\Java\lib\ext"/>
    <property name="sun.io.unicode.encoding" value="UnicodeLittle"/>
    <property name="java.class.version" value="52.0"/>
  </properties>
  <testcase name="shouldAnswerWithTrue" classname="com.gupaoedu.practice.dubbo.AppTest" time="0.002"/>
</testsuite>